
Copyright (C) 1994-2019 Synopsys, Inc.
This Synopsys software and all associated documentation are proprietary to Synopsys, Inc.
and may only be used pursuant to the terms and conditions of a written license agreement
with Synopsys, Inc. All other use, reproduction, modification, or distribution of the
Synopsys software or the associated documentation is strictly prohibited.
Tool: Synplify Pro (R)
Build: O-2018.09M-SP1-1
Install: C:\Microsemi\Libero_SoC_v12.3\SynplifyPro
OS: Windows 6.2

Hostname: IRD-LT-M52413

Implementation : synthesis

# Written on Tue Feb 25 13:17:02 2020

##### DESIGN INFO #######################################################

Top View:                "BaseDesign"
Constraint File(s):      "C:\GitHub-LSRAM-12.3\Future-Avalanche-Board\Libero_Projects\MiV_AHB_PF_Avalanche_ES\designer\BaseDesign\synthesis.fdc"




##### SUMMARY ############################################################

Found 0 issues in 0 out of 3 constraints


##### DETAILS ############################################################



Clock Relationships
*******************

Starting                                       Ending                                         |     rise to rise     |     fall to fall     |     rise to fall     |     fall to rise                     
---------------------------------------------------------------------------------------------------------------------------------------------------------------------------------------------------------
System                                         PF_CCC_0_inst_0/PF_CCC_0_0/pll_inst_0/OUT0     |     20.000           |     No paths         |     No paths         |     No paths                         
System                                         COREJTAGDEBUG_Z9|iUDRCK_inferred_clock         |     10.000           |     No paths         |     10.000           |     No paths                         
PF_CCC_0_inst_0/PF_CCC_0_0/pll_inst_0/OUT0     PF_CCC_0_inst_0/PF_CCC_0_0/pll_inst_0/OUT0     |     20.000           |     No paths         |     No paths         |     No paths                         
PF_CCC_0_inst_0/PF_CCC_0_0/pll_inst_0/OUT0     COREJTAGDEBUG_Z9|iUDRCK_inferred_clock         |     Diff grp         |     No paths         |     No paths         |     No paths                         
COREJTAGDEBUG_Z9|iUDRCK_inferred_clock         System                                         |     10.000           |     No paths         |     No paths         |     No paths                         
COREJTAGDEBUG_Z9|iUDRCK_inferred_clock         PF_CCC_0_inst_0/PF_CCC_0_0/pll_inst_0/OUT0     |     Diff grp         |     No paths         |     No paths         |     No paths                         
COREJTAGDEBUG_Z9|iUDRCK_inferred_clock         COREJTAGDEBUG_Z9|iUDRCK_inferred_clock         |     10.000           |     10.000           |     5.000            |     5.000                            
=========================================================================================================================================================================================================
 Note: 'No paths' indicates there are no paths in the design for that pair of clock edges.
       'Diff grp' indicates that paths exist but the starting clock and ending clock are in different clock groups.


Unconstrained Start/End Points
******************************

p:GPIO_IN[0]
p:GPIO_IN[1]
p:GPIO_OUT[0]
p:GPIO_OUT[1]
p:GPIO_OUT[2]
p:GPIO_OUT[3]
p:RX
p:TDI
p:TDO
p:TMS
p:TRSTB
p:TX
p:USER_RST


Inapplicable constraints
************************

(none)


Applicable constraints with issues
**********************************

(none)


Constraints with matching wildcard expressions
**********************************************

(none)


Library Report
**************


# End of Constraint Checker Report
