********************************************************************
I/O Bank Report - Date: Fri Feb 28 12:32:14 2020
Product: Designer
Release: v12.3
Version: 12.800.0.16
Design Name: BaseDesign
Family: PolarFire
Die: MPF300T_ES
Package: FCG484
********************************************************************


I/O Function:

    Type                                  | w/o register  | w/ register  | w/ DDR register
    --------------------------------------|---------------|--------------|----------------
    Input I/O                             | 4             | 0            | 0
    Output I/O                            | 5             | 0            | 0
    Bidirectional I/O                     | 0             | 0            | 0
    Differential Input I/O Pairs          | 0             | 0            | 0
    Differential Output I/O Pairs         | 0             | 0            | 0

I/O Technology:

                                    |   Voltages    |             I/Os              
    --------------------------------|-------|-------|-------|--------|--------------
    I/O Standard(s)                 | Vddi  | Vref  | Input | Output | Bidirectional
    --------------------------------|-------|-------|-------|--------|--------------
    LVCMOS18                        | 1.80v | N/A   | 4     | 5      | 0            

I/O Bank Resource Usage:

          |   Voltages    | Single I/Os  | Diff I/O Pairs |        Vref I/Os        |  Type   
          |-------|-------|------|-------|-------|--------|------|-------|----------|---------
          | Vddi  | Vref  | Used | Total | Used  | Total  | Used | Total | Vref Pins|         
    ------|-------|-------|------|-------|-------|--------|------|-------|----------|---------
    Bank0 | N/A   | N/A   | 0    | 48    | 0     | 24     | N/A  | N/A   | N/A      | HSIO    
    Bank1 | N/A   | N/A   | 0    | 48    | 0     | 24     | N/A  | N/A   | N/A      | HSIO    
    Bank2 | 1.80v | N/A   | 9    | 84    | 0     | 42     | N/A  | N/A   | N/A      | GPIO    
    Bank3 | 3.30v | N/A   | 0    | 0     | 0     | 0      | N/A  | N/A   | N/A      | JTAG    
    Bank4 | N/A   | N/A   | 0    | 52    | 0     | 26     | N/A  | N/A   | N/A      | GPIO    
    Bank5 | 3.30v | N/A   | 0    | 12    | 0     | 6      | N/A  | N/A   | N/A      | GPIO    
    Bank6 | N/A   | N/A   | 0    | 0     | 0     | 0      | N/A  | N/A   | N/A      | HSIO    
    Bank7 | N/A   | N/A   | 0    | 0     | 0     | 0      | N/A  | N/A   | N/A      | HSIO    

I/O Voltage Usage:

       Voltages    |     I/Os     
    -------|-------|------|-------
     Vddi  | Vref  | Used | Total 
    -------|-------|------|-------
     1.80v | N/A   | 9    | 84    
     3.30v | N/A   | 0    | 12    

